DEBUG:urllib3.connectionpool:Starting new HTTPS connection (1): www.tmz.com:443
DEBUG:urllib3.connectionpool:https://www.tmz.com:443 "GET /2024/07/18/fffffkim-kardashian-broken-finger-injury-fingertip-bone-saint/ HTTP/11" 404 None
DEBUG:urllib3.connectionpool:Starting new HTTPS connection (1): www.tmz.com:443
DEBUG:urllib3.connectionpool:https://www.tmz.com:443 "GET /2024/02/26/lionel-messi-walks-saint-west-out-field-inter-miami-la-galaxy-game/ HTTP/11" 200 36290
DEBUG:urllib3.connectionpool:Starting new HTTPS connection (1): www.tmz.com:443
DEBUG:urllib3.connectionpool:https://www.tmz.com:443 "GET /2024/05/08/travis-kelce-never-met-jana-kramer-always-drunk-podcast-slam/ HTTP/11" 200 41303
DEBUG:urllib3.connectionpool:Starting new HTTPS connection (1): www.tmz.com:443
DEBUG:urllib3.connectionpool:https://www.tmz.com:443 "GET /2024/06/20/kourtney-kardashian-had-sex-with-travis-barker-while-dilated-to-induce-labor/ HTTP/11" 200 38320
DEBUG:urllib3.connectionpool:Starting new HTTPS connection (1): www.tmz.com:443
DEBUG:urllib3.connectionpool:https://www.tmz.com:443 "GET /2024/04/29/johnny-manziel-josie-canseco-instagram-official-embrace-stagecoach/ HTTP/11" 200 33957
DEBUG:urllib3.connectionpool:Starting new HTTPS connection (1): www.tmz.com:443
DEBUG:urllib3.connectionpool:https://www.tmz.com:443 "GET /2024/06/09/celebrity-scramble-guess-who/ HTTP/11" 200 31841
DEBUG:urllib3.connectionpool:Starting new HTTPS connection (1): www.tmz.com:443
DEBUG:urllib3.connectionpool:https://www.tmz.com:443 "GET /2024/04/24/paris-hilton-adquiere-los-derechos-de-un-libro-sobre-la-cultura-sensacionalista-de-los-anos-2000-para-un-nuevo-documental/ HTTP/11" 200 40309
DEBUG:urllib3.connectionpool:Starting new HTTPS connection (1): www.tmz.com:443
DEBUG:urllib3.connectionpool:https://www.tmz.com:443 "GET /2024/06/27/khloe-kardashian-calls-kim-petty-little-bitch-aspen-trip/ HTTP/11" 200 39300
DEBUG:urllib3.connectionpool:Starting new HTTPS connection (1): www.tmz.com:443
DEBUG:urllib3.connectionpool:https://www.tmz.com:443 "GET /2024/04/27/khloe-kardashian-jura-que-su-hija-true-la-atormenta-con-ballenas-para-divertirse/ HTTP/11" 200 39122
DEBUG:urllib3.connectionpool:Starting new HTTPS connection (1): www.tmz.com:443
DEBUG:urllib3.connectionpool:https://www.tmz.com:443 "GET /2024/05/07/kim-kardashian-tiny-waist-met-gala/ HTTP/11" 200 40162
DEBUG:urllib3.connectionpool:Starting new HTTPS connection (1): www.tmz.com:443
DEBUG:urllib3.connectionpool:https://www.tmz.com:443 "GET /2024/03/09/mob-wife-fashion-trends-hits-hollywood/ HTTP/11" 200 33292
DEBUG:urllib3.connectionpool:Starting new HTTPS connection (1): www.tmz.com:443
DEBUG:urllib3.connectionpool:https://www.tmz.com:443 "GET /2024/02/10/kardashians-justin-bieber-arrive-las-vegas-super-bowl-halftime-usher/ HTTP/11" 200 43020
DEBUG:urllib3.connectionpool:Starting new HTTPS connection (1): www.tmz.com:443
DEBUG:urllib3.connectionpool:https://www.tmz.com:443 "GET /2024/06/06/onlyfans-porn-star-pamela-anderson-paris-hilton-trailblaze-before-ray-j-kim/ HTTP/11" 200 42050
DEBUG:urllib3.connectionpool:Starting new HTTPS connection (1): www.tmz.com:443
DEBUG:urllib3.connectionpool:https://www.tmz.com:443 "GET /2024/03/15/kim-k-vuelve-a-la-orbita-de-bianca-y-kanye-para-apoyar-a-north/ HTTP/11" 200 44766
DEBUG:urllib3.connectionpool:Starting new HTTPS connection (1): www.tmz.com:443
DEBUG:urllib3.connectionpool:https://www.tmz.com:443 "GET /2024/04/02/daniel-tosh-claim-kylie-jenner-pregnant-timothee-chalamet-false-not-true/ HTTP/11" 200 37197
